{
  "stats": {
    "suites": 1,
    "tests": 1,
    "passes": 0,
    "pending": 0,
    "failures": 1,
    "start": "2021-11-10T13:00:22.567Z",
    "end": "2021-11-10T13:00:57.142Z",
    "duration": 34575,
    "testsRegistered": 1,
    "passPercent": 0,
    "pendingPercent": 0,
    "other": 0,
    "hasOther": false,
    "skipped": 0,
    "hasSkipped": false
  },
  "results": [
    {
      "uuid": "36cb88c3-f28f-4358-bffa-d38eb3b760cf",
      "title": "",
      "fullFile": "cypress/integration/Clients/old/nakdint/e2e1.js",
      "file": "cypress/integration/Clients/old/nakdint/e2e1.js",
      "beforeHooks": [],
      "afterHooks": [],
      "tests": [],
      "suites": [
        {
          "uuid": "18ea14df-6f03-427d-8930-b3a45c4f9b9f",
          "title": "nakde2e",
          "fullFile": "",
          "file": "",
          "beforeHooks": [],
          "afterHooks": [],
          "tests": [
            {
              "title": "connectsandbox and login",
              "fullTitle": "nakde2e connectsandbox and login",
              "timedOut": null,
              "duration": 30478,
              "state": "failed",
              "speed": null,
              "pass": false,
              "fail": true,
              "pending": false,
              "context": "{\n  \"title\": \"cypress-mochawesome-reporter-screenshots\",\n  \"value\": [\n    [\n      {\n        \"title\": \"Failed screenshot\",\n        \"value\": \"\\\\Clients\\\\old\\\\nakdint\\\\e2e1.js\\\\nakde2e -- connectsandbox and login (failed).png\"\n      }\n    ]\n  ]\n}",
              "code": "cy.visit('https://partner.inriver.productmarketingcloud.com/');\ncy.get('#Email').type('henrik@textual.ai');\ncy.get('.login__submit-button').click();\ncy.get('#Password').type('7L!K3kX8wDr6n3k');\ncy.get('#loginSubmitButton').click().wait(2000);\ncy.contains('Welcome'); ///cy.url()\ncy.get('[href=\"/app/enrich#entity/11/details\"] > .item-card__content > .item-card__text-wrapper > .item-card__name').click();\ncy.wait(5000);\ncy.get('#tools-show > .header-icon__link > .c-svg-icon').click();\ncy.get('#Product').click();\ncy.get('#c130_Fields_3_Value').type('12121212');\ncy.get('#c130_Fields_4_Value').type('mango'); ///cy.get('#c130_Fields_5_Value > .multiple-select > .multiple-select__toggle-button > .placeholder').select(1)\ncy.get('#c130_Fields_5_Value > .multiple-select > .multiple-select__toggle-button > .multiple-select__toggle-button-icon').click();\ncy.contains('dress').click();\ncy.get('#c130_Fields_6_Value > .multiple-select > .multiple-select__toggle-button > .multiple-select__toggle-button-icon').click();\ncy.contains('cold').click();\ncy.get('#c130_Fields_6_Value > .multiple-select > .multiple-select__toggle-button > .multiple-select__toggle-button-icon').click();\ncy.get('#c130_Fields_7_Value > .multiple-select > .multiple-select__toggle-button > .multiple-select__toggle-button-icon').click();\ncy.contains('Fitted').click();\ncy.get('#c130_Fields_7_Value > .multiple-select > .multiple-select__toggle-button > .multiple-select__toggle-button-icon').click();",
              "err": {
                "message": "CypressError: Timed out retrying after 10050ms: `cy.click()` failed because this element is not visible:\n\n`<svg version=\"1.1\" viewBox=\"0 0 16 16\" class=\"c-svg-icon c-svg-fill\">...</svg>`\n\nThis element `<svg.c-svg-icon.c-svg-fill>` is not visible because it has CSS property: `position: fixed` and it's being covered by another element:\n\n`<div class=\"c-loader-background\"></div>`\n\nFix this problem, or use `{force: true}` to disable error checking.\n\nhttps://on.cypress.io/element-cannot-be-interacted-with",
                "estack": "CypressError: Timed out retrying after 10050ms: `cy.click()` failed because this element is not visible:\n\n`<svg version=\"1.1\" viewBox=\"0 0 16 16\" class=\"c-svg-icon c-svg-fill\">...</svg>`\n\nThis element `<svg.c-svg-icon.c-svg-fill>` is not visible because it has CSS property: `position: fixed` and it's being covered by another element:\n\n`<div class=\"c-loader-background\"></div>`\n\nFix this problem, or use `{force: true}` to disable error checking.\n\nhttps://on.cypress.io/element-cannot-be-interacted-with\n    at $Cy.ensureVisibility (https://partnersso.productmarketingcloud.com/__cypress/runner/cypress_runner.js:160572:85)\n    at runAllChecks (https://partnersso.productmarketingcloud.com/__cypress/runner/cypress_runner.js:147847:14)\n    at retryActionability (https://partnersso.productmarketingcloud.com/__cypress/runner/cypress_runner.js:147901:16)\n    at tryCatcher (https://partnersso.productmarketingcloud.com/__cypress/runner/cypress_runner.js:13212:23)\n    at Function.Promise.attempt.Promise.try (https://partnersso.productmarketingcloud.com/__cypress/runner/cypress_runner.js:10486:29)\n    at tryFn (https://partnersso.productmarketingcloud.com/__cypress/runner/cypress_runner.js:165383:61)\n    at whenStable (https://partnersso.productmarketingcloud.com/__cypress/runner/cypress_runner.js:165422:14)\n    at https://partnersso.productmarketingcloud.com/__cypress/runner/cypress_runner.js:164909:18\n    at tryCatcher (https://partnersso.productmarketingcloud.com/__cypress/runner/cypress_runner.js:13212:23)\n    at Promise._settlePromiseFromHandler (https://partnersso.productmarketingcloud.com/__cypress/runner/cypress_runner.js:11147:31)\n    at Promise._settlePromise (https://partnersso.productmarketingcloud.com/__cypress/runner/cypress_runner.js:11204:18)\n    at Promise._settlePromise0 (https://partnersso.productmarketingcloud.com/__cypress/runner/cypress_runner.js:11249:10)\n    at Promise._settlePromises (https://partnersso.productmarketingcloud.com/__cypress/runner/cypress_runner.js:11329:18)\n    at Promise._fulfill (https://partnersso.productmarketingcloud.com/__cypress/runner/cypress_runner.js:11273:18)\n    at https://partnersso.productmarketingcloud.com/__cypress/runner/cypress_runner.js:12887:46\nFrom Your Spec Code:\n    at Context.eval (https://partnersso.productmarketingcloud.com/__cypress/tests?p=cypress\\integration\\Clients\\old\\nakdint\\e2e1.js:111:62)",
                "diff": null
              },
              "uuid": "9de80ffb-297d-4ae4-8573-78aaaa819630",
              "parentUUID": "18ea14df-6f03-427d-8930-b3a45c4f9b9f",
              "isHook": false,
              "skipped": false
            }
          ],
          "suites": [],
          "passes": [],
          "failures": [
            "9de80ffb-297d-4ae4-8573-78aaaa819630"
          ],
          "pending": [],
          "skipped": [],
          "duration": 30478,
          "root": false,
          "rootEmpty": false,
          "_timeout": 2000
        }
      ],
      "passes": [],
      "failures": [],
      "pending": [],
      "skipped": [],
      "duration": 0,
      "root": true,
      "rootEmpty": true,
      "_timeout": 2000
    }
  ],
  "meta": {
    "mocha": {
      "version": "7.0.1"
    },
    "mochawesome": {
      "options": {
        "quiet": false,
        "reportFilename": "mochawesome",
        "saveHtml": false,
        "saveJson": true,
        "consoleReporter": "spec",
        "useInlineDiffs": false,
        "code": true
      },
      "version": "6.3.1"
    },
    "marge": {
      "options": {
        "overwrite": false,
        "html": false,
        "json": true,
        "reportDir": "cypress\\reports\\html\\.jsons"
      },
      "version": "5.2.0"
    }
  }
}