{
  "stats": {
    "suites": 1,
    "tests": 1,
    "passes": 1,
    "pending": 0,
    "failures": 0,
    "start": "2021-11-10T12:49:00.891Z",
    "end": "2021-11-10T12:49:09.087Z",
    "duration": 8196,
    "testsRegistered": 1,
    "passPercent": 100,
    "pendingPercent": 0,
    "other": 0,
    "hasOther": false,
    "skipped": 0,
    "hasSkipped": false
  },
  "results": [
    {
      "uuid": "7ade7ae4-53dd-453e-9835-f10a21f6bea0",
      "title": "",
      "fullFile": "cypress/integration/mapping/mappingcheck.js",
      "file": "cypress/integration/mapping/mappingcheck.js",
      "beforeHooks": [],
      "afterHooks": [],
      "tests": [],
      "suites": [
        {
          "uuid": "2f91ae94-6508-4548-b478-d522cf97ebd6",
          "title": "Login-and-check-mappings",
          "fullFile": "",
          "file": "",
          "beforeHooks": [],
          "afterHooks": [],
          "tests": [
            {
              "title": "Login with valid credentials",
              "fullTitle": "Login-and-check-mappings Login with valid credentials",
              "timedOut": null,
              "duration": 6278,
              "state": "passed",
              "speed": "medium",
              "pass": true,
              "fail": false,
              "pending": false,
              "context": null,
              "code": "cy.viewport(1440, 860);\nE.navigate('https://dev.textual.ai/');\nE.enterUserName('babyshop-testing');\nE.enterPassword('d3f16a2faca642529cfa06502bbb9949');\nE.clickLogin();\ncy.contains('What do you want to do today?').should('be.visible').should('contain', 'today');\ncy.login;",
              "err": {},
              "uuid": "953e17c0-eb5b-48d6-85c4-c7444f5226e8",
              "parentUUID": "2f91ae94-6508-4548-b478-d522cf97ebd6",
              "isHook": false,
              "skipped": false
            }
          ],
          "suites": [],
          "passes": [
            "953e17c0-eb5b-48d6-85c4-c7444f5226e8"
          ],
          "failures": [],
          "pending": [],
          "skipped": [],
          "duration": 6278,
          "root": false,
          "rootEmpty": false,
          "_timeout": 2000
        }
      ],
      "passes": [],
      "failures": [],
      "pending": [],
      "skipped": [],
      "duration": 0,
      "root": true,
      "rootEmpty": true,
      "_timeout": 2000
    }
  ],
  "meta": {
    "mocha": {
      "version": "7.0.1"
    },
    "mochawesome": {
      "options": {
        "quiet": false,
        "reportFilename": "mochawesome",
        "saveHtml": false,
        "saveJson": true,
        "consoleReporter": "spec",
        "useInlineDiffs": false,
        "code": true
      },
      "version": "6.3.1"
    },
    "marge": {
      "options": {
        "overwrite": false,
        "html": false,
        "json": true,
        "reportDir": "cypress\\reports\\html\\.jsons"
      },
      "version": "5.2.0"
    }
  }
}