{
  "stats": {
    "suites": 1,
    "tests": 2,
    "passes": 1,
    "pending": 0,
    "failures": 1,
    "start": "2021-11-10T12:43:05.415Z",
    "end": "2021-11-10T12:43:15.214Z",
    "duration": 9799,
    "testsRegistered": 2,
    "passPercent": 50,
    "pendingPercent": 0,
    "other": 0,
    "hasOther": false,
    "skipped": 0,
    "hasSkipped": false
  },
  "results": [
    {
      "uuid": "11c7865a-8116-48e0-86ca-50b8e84ba1d0",
      "title": "",
      "fullFile": "cypress/integration/Clients/old/Afound/afounde2e.js",
      "file": "cypress/integration/Clients/old/Afound/afounde2e.js",
      "beforeHooks": [],
      "afterHooks": [],
      "tests": [],
      "suites": [
        {
          "uuid": "0a660248-8f99-42f6-8631-ff9abd065d5e",
          "title": "Customer landing page",
          "fullFile": "",
          "file": "",
          "beforeHooks": [],
          "afterHooks": [],
          "tests": [
            {
              "title": "Check login with valid credentials",
              "fullTitle": "Customer landing page Check login with valid credentials",
              "timedOut": null,
              "duration": 6605,
              "state": "passed",
              "speed": "medium",
              "pass": true,
              "fail": false,
              "pending": false,
              "context": null,
              "code": "cy.viewport(1440, 860);\nE.navigate('https://dev.textual.ai/');\nE.enterUserName('afoundtest');\nE.enterPassword('afoundtest');\nE.clickLogin();\ncy.contains('What do you want to do today?').should('be.visible').should('contain', 'today');",
              "err": {},
              "uuid": "236414a9-c58d-4128-b9c5-5e63b4060a34",
              "parentUUID": "0a660248-8f99-42f6-8631-ff9abd065d5e",
              "isHook": false,
              "skipped": false
            },
            {
              "title": "can click on a hover enabled sub-menu item",
              "fullTitle": "Customer landing page can click on a hover enabled sub-menu item",
              "timedOut": null,
              "duration": 1424,
              "state": "failed",
              "speed": null,
              "pass": false,
              "fail": true,
              "pending": false,
              "context": "{\n  \"title\": \"cypress-mochawesome-reporter-screenshots\",\n  \"value\": [\n    [\n      {\n        \"title\": \"Failed screenshot\",\n        \"value\": \"\\\\Clients\\\\old\\\\Afound\\\\afounde2e.js\\\\Customer landing page -- can click on a hover enabled sub-menu item (failed).png\"\n      }\n    ]\n  ]\n}",
              "code": "cy.get('[title=\"Menu\"]').invoke('show'); // Upload file possible , link check\ncy.contains('Upload file').click({\n  force: true\n});\ncy.url().should('include', 'upload');\ncy.get('button > .material-icons').click(); //Products list avialable, url checked\ncy.contains('Products list').click({\n  force: true\n});\ncy.url().should('include', 'products'); // New product creation possible, url checked\ncy.contains('New product').click({\n  force: true\n});\ncy.url().should('include', 'product'); //cy.contains('Logout').click({ force: true })",
              "err": {
                "message": "Error: The following error originated from your application code, not from Cypress.\n\n  > Script error.\n\nCypress detected that an uncaught error was thrown from a cross origin script.\n\nWe cannot provide you the stack trace, line number, or file where this error occurred.\n\nCheck your Developer Tools Console for the actual error - it should be printed there.\n\nIt's possible to enable debugging these scripts by adding the `crossorigin` attribute and setting a CORS header.\n\nWhen Cypress detects uncaught errors originating from your application it will automatically fail the current test.\n\nThis behavior is configurable, and you can choose to turn this off by listening to the `uncaught:exception` event.\n\nhttps://on.cypress.io/uncaught-exception-from-application\n\nhttps://on.cypress.io/cross-origin-script-error",
                "estack": "Error: The following error originated from your application code, not from Cypress.\n\n  > Script error.\n\nCypress detected that an uncaught error was thrown from a cross origin script.\n\nWe cannot provide you the stack trace, line number, or file where this error occurred.\n\nCheck your Developer Tools Console for the actual error - it should be printed there.\n\nIt's possible to enable debugging these scripts by adding the `crossorigin` attribute and setting a CORS header.\n\nWhen Cypress detects uncaught errors originating from your application it will automatically fail the current test.\n\nThis behavior is configurable, and you can choose to turn this off by listening to the `uncaught:exception` event.\n\nhttps://on.cypress.io/uncaught-exception-from-application\n\nhttps://on.cypress.io/cross-origin-script-error\n",
                "diff": null
              },
              "uuid": "98a04547-a8c0-479f-be06-1b129f4b6fcd",
              "parentUUID": "0a660248-8f99-42f6-8631-ff9abd065d5e",
              "isHook": false,
              "skipped": false
            }
          ],
          "suites": [],
          "passes": [
            "236414a9-c58d-4128-b9c5-5e63b4060a34"
          ],
          "failures": [
            "98a04547-a8c0-479f-be06-1b129f4b6fcd"
          ],
          "pending": [],
          "skipped": [],
          "duration": 8029,
          "root": false,
          "rootEmpty": false,
          "_timeout": 2000
        }
      ],
      "passes": [],
      "failures": [],
      "pending": [],
      "skipped": [],
      "duration": 0,
      "root": true,
      "rootEmpty": true,
      "_timeout": 2000
    }
  ],
  "meta": {
    "mocha": {
      "version": "7.0.1"
    },
    "mochawesome": {
      "options": {
        "quiet": false,
        "reportFilename": "mochawesome",
        "saveHtml": false,
        "saveJson": true,
        "consoleReporter": "spec",
        "useInlineDiffs": false,
        "code": true
      },
      "version": "6.3.1"
    },
    "marge": {
      "options": {
        "overwrite": false,
        "html": false,
        "json": true,
        "reportDir": "cypress\\reports\\html\\.jsons"
      },
      "version": "5.2.0"
    }
  }
}