{
  "stats": {
    "suites": 1,
    "tests": 1,
    "passes": 1,
    "pending": 0,
    "failures": 0,
    "start": "2021-11-10T13:05:10.814Z",
    "end": "2021-11-10T13:05:26.349Z",
    "duration": 15535,
    "testsRegistered": 1,
    "passPercent": 100,
    "pendingPercent": 0,
    "other": 0,
    "hasOther": false,
    "skipped": 0,
    "hasSkipped": false
  },
  "results": [
    {
      "uuid": "1ea294dc-6476-43a4-a2c0-ed3776ba4c52",
      "title": "",
      "fullFile": "cypress/integration/mapping/mappingcheck.js",
      "file": "cypress/integration/mapping/mappingcheck.js",
      "beforeHooks": [],
      "afterHooks": [],
      "tests": [],
      "suites": [
        {
          "uuid": "453c2e02-1654-4d7b-b286-4775601d674b",
          "title": "Login-and-check-mappings",
          "fullFile": "",
          "file": "",
          "beforeHooks": [],
          "afterHooks": [],
          "tests": [
            {
              "title": "Login with valid credentials",
              "fullTitle": "Login-and-check-mappings Login with valid credentials",
              "timedOut": null,
              "duration": 12022,
              "state": "passed",
              "speed": "slow",
              "pass": true,
              "fail": false,
              "pending": false,
              "context": null,
              "code": "cy.viewport(1440, 860);\nE.navigate('https://dev.textual.ai/');\nE.enterUserName('babyshop-testing');\nE.enterPassword('d3f16a2faca642529cfa06502bbb9949');\nE.clickLogin();\ncy.contains('What do you want to do today?').should('be.visible').should('contain', 'today');\ncy.login;",
              "err": {},
              "uuid": "97f56687-1b8e-4977-b56d-be2a190cea30",
              "parentUUID": "453c2e02-1654-4d7b-b286-4775601d674b",
              "isHook": false,
              "skipped": false
            }
          ],
          "suites": [],
          "passes": [
            "97f56687-1b8e-4977-b56d-be2a190cea30"
          ],
          "failures": [],
          "pending": [],
          "skipped": [],
          "duration": 12022,
          "root": false,
          "rootEmpty": false,
          "_timeout": 2000
        }
      ],
      "passes": [],
      "failures": [],
      "pending": [],
      "skipped": [],
      "duration": 0,
      "root": true,
      "rootEmpty": true,
      "_timeout": 2000
    }
  ],
  "meta": {
    "mocha": {
      "version": "7.0.1"
    },
    "mochawesome": {
      "options": {
        "quiet": false,
        "reportFilename": "mochawesome",
        "saveHtml": false,
        "saveJson": true,
        "consoleReporter": "spec",
        "useInlineDiffs": false,
        "code": true
      },
      "version": "6.3.1"
    },
    "marge": {
      "options": {
        "overwrite": false,
        "html": false,
        "json": true,
        "reportDir": "cypress\\reports\\html\\.jsons"
      },
      "version": "5.2.0"
    }
  }
}