{
  "stats": {
    "suites": 1,
    "tests": 1,
    "passes": 1,
    "pending": 0,
    "failures": 0,
    "start": "2021-11-10T12:45:26.686Z",
    "end": "2021-11-10T12:46:20.823Z",
    "duration": 54137,
    "testsRegistered": 1,
    "passPercent": 100,
    "pendingPercent": 0,
    "other": 0,
    "hasOther": false,
    "skipped": 0,
    "hasSkipped": false
  },
  "results": [
    {
      "uuid": "646bb300-1bc3-457c-9784-bc0d5ff00fd0",
      "title": "",
      "fullFile": "cypress/integration/Clients/old/nakdint/e2e1.js",
      "file": "cypress/integration/Clients/old/nakdint/e2e1.js",
      "beforeHooks": [],
      "afterHooks": [],
      "tests": [],
      "suites": [
        {
          "uuid": "4a246ee4-c93a-43cd-9783-d1c3d18b1fc0",
          "title": "nakde2e",
          "fullFile": "",
          "file": "",
          "beforeHooks": [],
          "afterHooks": [],
          "tests": [
            {
              "title": "connectsandbox and login",
              "fullTitle": "nakde2e connectsandbox and login",
              "timedOut": null,
              "duration": 50676,
              "state": "passed",
              "speed": "slow",
              "pass": true,
              "fail": false,
              "pending": false,
              "context": null,
              "code": "cy.visit('https://partner.inriver.productmarketingcloud.com/');\ncy.get('#Email').type('henrik@textual.ai');\ncy.get('.login__submit-button').click();\ncy.get('#Password').type('7L!K3kX8wDr6n3k');\ncy.get('#loginSubmitButton').click().wait(2000);\ncy.contains('Welcome'); ///cy.url()\ncy.get('[href=\"/app/enrich#entity/11/details\"] > .item-card__content > .item-card__text-wrapper > .item-card__name').click();\ncy.wait(5000);\ncy.get('#tools-show > .header-icon__link > .c-svg-icon').click();\ncy.get('#Product').click();\ncy.get('#c130_Fields_3_Value').type('12121212');\ncy.get('#c130_Fields_4_Value').type('mango'); ///cy.get('#c130_Fields_5_Value > .multiple-select > .multiple-select__toggle-button > .placeholder').select(1)\ncy.get('#c130_Fields_5_Value > .multiple-select > .multiple-select__toggle-button > .multiple-select__toggle-button-icon').click();\ncy.contains('dress').click();\ncy.get('#c130_Fields_6_Value > .multiple-select > .multiple-select__toggle-button > .multiple-select__toggle-button-icon').click();\ncy.contains('cold').click();\ncy.get('#c130_Fields_6_Value > .multiple-select > .multiple-select__toggle-button > .multiple-select__toggle-button-icon').click();\ncy.get('#c130_Fields_7_Value > .multiple-select > .multiple-select__toggle-button > .multiple-select__toggle-button-icon').click();\ncy.contains('Fitted').click();\ncy.get('#c130_Fields_7_Value > .multiple-select > .multiple-select__toggle-button > .multiple-select__toggle-button-icon').click();",
              "err": {},
              "uuid": "3feb8aae-f485-4b71-bb0f-36378dd3c495",
              "parentUUID": "4a246ee4-c93a-43cd-9783-d1c3d18b1fc0",
              "isHook": false,
              "skipped": false
            }
          ],
          "suites": [],
          "passes": [
            "3feb8aae-f485-4b71-bb0f-36378dd3c495"
          ],
          "failures": [],
          "pending": [],
          "skipped": [],
          "duration": 50676,
          "root": false,
          "rootEmpty": false,
          "_timeout": 2000
        }
      ],
      "passes": [],
      "failures": [],
      "pending": [],
      "skipped": [],
      "duration": 0,
      "root": true,
      "rootEmpty": true,
      "_timeout": 2000
    }
  ],
  "meta": {
    "mocha": {
      "version": "7.0.1"
    },
    "mochawesome": {
      "options": {
        "quiet": false,
        "reportFilename": "mochawesome",
        "saveHtml": false,
        "saveJson": true,
        "consoleReporter": "spec",
        "useInlineDiffs": false,
        "code": true
      },
      "version": "6.3.1"
    },
    "marge": {
      "options": {
        "overwrite": false,
        "html": false,
        "json": true,
        "reportDir": "cypress\\reports\\html\\.jsons"
      },
      "version": "5.2.0"
    }
  }
}