{
  "stats": {
    "suites": 1,
    "tests": 1,
    "passes": 1,
    "pending": 0,
    "failures": 0,
    "start": "2021-11-10T12:41:52.612Z",
    "end": "2021-11-10T12:42:03.338Z",
    "duration": 10726,
    "testsRegistered": 1,
    "passPercent": 100,
    "pendingPercent": 0,
    "other": 0,
    "hasOther": false,
    "skipped": 0,
    "hasSkipped": false
  },
  "results": [
    {
      "uuid": "38c0c2b4-f9b8-417d-8386-0b482af2dd0c",
      "title": "",
      "fullFile": "cypress/integration/Clients/BabyshopE2E/home/customer-home.js",
      "file": "cypress/integration/Clients/BabyshopE2E/home/customer-home.js",
      "beforeHooks": [],
      "afterHooks": [],
      "tests": [],
      "suites": [
        {
          "uuid": "ad56175e-665f-4091-8aca-ad42254c4e55",
          "title": "Customer landing page after login",
          "fullFile": "",
          "file": "",
          "beforeHooks": [],
          "afterHooks": [],
          "tests": [
            {
              "title": "Check login",
              "fullTitle": "Customer landing page after login Check login",
              "timedOut": null,
              "duration": 8612,
              "state": "passed",
              "speed": "medium",
              "pass": true,
              "fail": false,
              "pending": false,
              "context": null,
              "code": "cy.viewport(1440, 860);\nE.navigate('https://dev.textual.ai/');\nE.enterUserName('babyshop-testing');\nE.enterPassword('d3f16a2faca642529cfa06502bbb9949');\nE.clickLogin();\ncy.contains('What do you want to do today?').should('be.visible').should('contain', 'today');",
              "err": {},
              "uuid": "b0babb7d-3986-47b5-b15f-04bd23182621",
              "parentUUID": "ad56175e-665f-4091-8aca-ad42254c4e55",
              "isHook": false,
              "skipped": false
            }
          ],
          "suites": [],
          "passes": [
            "b0babb7d-3986-47b5-b15f-04bd23182621"
          ],
          "failures": [],
          "pending": [],
          "skipped": [],
          "duration": 8612,
          "root": false,
          "rootEmpty": false,
          "_timeout": 2000
        }
      ],
      "passes": [],
      "failures": [],
      "pending": [],
      "skipped": [],
      "duration": 0,
      "root": true,
      "rootEmpty": true,
      "_timeout": 2000
    }
  ],
  "meta": {
    "mocha": {
      "version": "7.0.1"
    },
    "mochawesome": {
      "options": {
        "quiet": false,
        "reportFilename": "mochawesome",
        "saveHtml": false,
        "saveJson": true,
        "consoleReporter": "spec",
        "useInlineDiffs": false,
        "code": true
      },
      "version": "6.3.1"
    },
    "marge": {
      "options": {
        "overwrite": false,
        "html": false,
        "json": true,
        "reportDir": "cypress\\reports\\html\\.jsons"
      },
      "version": "5.2.0"
    }
  }
}