{
  "stats": {
    "suites": 1,
    "tests": 3,
    "passes": 2,
    "pending": 0,
    "failures": 1,
    "start": "2021-11-10T12:44:37.629Z",
    "end": "2021-11-10T12:44:57.856Z",
    "duration": 20227,
    "testsRegistered": 3,
    "passPercent": 66.66666666666666,
    "pendingPercent": 0,
    "other": 0,
    "hasOther": false,
    "skipped": 0,
    "hasSkipped": false
  },
  "results": [
    {
      "uuid": "1dddbd6c-b99d-4f83-b0db-6572d7e7a073",
      "title": "",
      "fullFile": "cypress/integration/Clients/old/BabyshopE2E/home/home_e2e.js",
      "file": "cypress/integration/Clients/old/BabyshopE2E/home/home_e2e.js",
      "beforeHooks": [],
      "afterHooks": [],
      "tests": [],
      "suites": [
        {
          "uuid": "8b3d32c5-b7ee-44f6-8ece-ea0108bcc39b",
          "title": "Customer landing page",
          "fullFile": "",
          "file": "",
          "beforeHooks": [],
          "afterHooks": [],
          "tests": [
            {
              "title": "Check login",
              "fullTitle": "Customer landing page Check login",
              "timedOut": null,
              "duration": 7552,
              "state": "passed",
              "speed": "medium",
              "pass": true,
              "fail": false,
              "pending": false,
              "context": null,
              "code": "cy.viewport(1440, 860);\nE.navigate('https://dev.textual.ai/'); //Login\nE.enterUserName('babyshop-testing');\nE.enterPassword('d3f16a2faca642529cfa06502bbb9949');\nE.clickLogin();\ncy.contains('What do you want to do today?').should('be.visible').should('contain', 'today');",
              "err": {},
              "uuid": "83b25df6-2ea4-4860-8972-7ce4da843434",
              "parentUUID": "8b3d32c5-b7ee-44f6-8ece-ea0108bcc39b",
              "isHook": false,
              "skipped": false
            },
            {
              "title": "check links",
              "fullTitle": "Customer landing page check links",
              "timedOut": null,
              "duration": 230,
              "state": "passed",
              "speed": "fast",
              "pass": true,
              "fail": false,
              "pending": false,
              "context": null,
              "code": "//basic links \ncy.get(':nth-child(1) > .actions > .pbutton').should('be.visible').should('contain', 'Upload');\ncy.get(':nth-child(2) > .actions > .pbutton').should('be.visible').should('contain', 'Edit');\ncy.get(':nth-child(3) > .actions > .pbutton').should('be.visible').should('contain', 'Create'); // other options and links\ncy.get('.other > ul > li > a').should('be.visible').should('contain', 'Map');\ncy.get('[title=\"Menu\"] > .material-icons').should('be.visible');",
              "err": {},
              "uuid": "6456dee9-ff30-4f82-9acd-336d9cdae0ab",
              "parentUUID": "8b3d32c5-b7ee-44f6-8ece-ea0108bcc39b",
              "isHook": false,
              "skipped": false
            },
            {
              "title": "check dropdown menu",
              "fullTitle": "Customer landing page check dropdown menu",
              "timedOut": null,
              "duration": 10354,
              "state": "failed",
              "speed": null,
              "pass": false,
              "fail": true,
              "pending": false,
              "context": "{\n  \"title\": \"cypress-mochawesome-reporter-screenshots\",\n  \"value\": [\n    [\n      {\n        \"title\": \"Failed screenshot\",\n        \"value\": \"\\\\Clients\\\\old\\\\BabyshopE2E\\\\home\\\\home_e2e.js\\\\Customer landing page -- check dropdown menu (failed).png\"\n      }\n    ]\n  ]\n}",
              "code": "cy.get('[title=\"Menu\"] > .material-icons').should('be.visible');\ncy.contains('Upload file').should('be.visible').should('contain', 'File');\ncy.contains('New product');\ncy.contains('Product list');\ncy.contains('Generate texts');\ncy.contains('Review texts');\ncy.contains('Vocabulary list');\ncy.contains('Template list');\ncy.contains('Mappings');",
              "err": {
                "message": "AssertionError: Timed out retrying after 10000ms: expected '<a>' to be 'visible'\n\nThis element `<a>` is not visible because its parent `<div>` has CSS property: `display: none`",
                "estack": "AssertionError: Timed out retrying after 10000ms: expected '<a>' to be 'visible'\n\nThis element `<a>` is not visible because its parent `<div>` has CSS property: `display: none`\n    at Context.eval (https://dev.textual.ai/__cypress/tests?p=cypress\\integration\\Clients\\old\\BabyshopE2E\\home\\home_e2e.js:216:32)",
                "diff": null
              },
              "uuid": "5037c7a3-a6e0-4415-9f61-eecf3db4cab0",
              "parentUUID": "8b3d32c5-b7ee-44f6-8ece-ea0108bcc39b",
              "isHook": false,
              "skipped": false
            }
          ],
          "suites": [],
          "passes": [
            "83b25df6-2ea4-4860-8972-7ce4da843434",
            "6456dee9-ff30-4f82-9acd-336d9cdae0ab"
          ],
          "failures": [
            "5037c7a3-a6e0-4415-9f61-eecf3db4cab0"
          ],
          "pending": [],
          "skipped": [],
          "duration": 18136,
          "root": false,
          "rootEmpty": false,
          "_timeout": 2000
        }
      ],
      "passes": [],
      "failures": [],
      "pending": [],
      "skipped": [],
      "duration": 0,
      "root": true,
      "rootEmpty": true,
      "_timeout": 2000
    }
  ],
  "meta": {
    "mocha": {
      "version": "7.0.1"
    },
    "mochawesome": {
      "options": {
        "quiet": false,
        "reportFilename": "mochawesome",
        "saveHtml": false,
        "saveJson": true,
        "consoleReporter": "spec",
        "useInlineDiffs": false,
        "code": true
      },
      "version": "6.3.1"
    },
    "marge": {
      "options": {
        "overwrite": false,
        "html": false,
        "json": true,
        "reportDir": "cypress\\reports\\html\\.jsons"
      },
      "version": "5.2.0"
    }
  }
}