{
  "stats": {
    "suites": 1,
    "tests": 1,
    "passes": 1,
    "pending": 0,
    "failures": 0,
    "start": "2021-11-10T12:41:30.990Z",
    "end": "2021-11-10T12:41:39.632Z",
    "duration": 8642,
    "testsRegistered": 1,
    "passPercent": 100,
    "pendingPercent": 0,
    "other": 0,
    "hasOther": false,
    "skipped": 0,
    "hasSkipped": false
  },
  "results": [
    {
      "uuid": "877d4f6f-8c0b-4f95-a95f-86ad62029b59",
      "title": "",
      "fullFile": "cypress/integration/Clients/BabyshopE2E/babyshop-home-check.js",
      "file": "cypress/integration/Clients/BabyshopE2E/babyshop-home-check.js",
      "beforeHooks": [],
      "afterHooks": [],
      "tests": [],
      "suites": [
        {
          "uuid": "9b057652-5c4d-4b8a-bc0b-69623f3c890e",
          "title": "Customer landing page",
          "fullFile": "",
          "file": "",
          "beforeHooks": [],
          "afterHooks": [],
          "tests": [
            {
              "title": "BabyShop-Home",
              "fullTitle": "Customer landing page BabyShop-Home",
              "timedOut": null,
              "duration": 6456,
              "state": "passed",
              "speed": "medium",
              "pass": true,
              "fail": false,
              "pending": false,
              "context": null,
              "code": "cy.viewport(1440, 860);\ncy.visit('https://dev.textual.ai/');\ncy.get('body').click(); ///Login\ncy.get(':nth-child(2) > input').type('babyshop-testing');\ncy.get(':nth-child(3) > input').type('d3f16a2faca642529cfa06502bbb9949');\ncy.get('.pbutton').click();\ncy.contains('Upload file with product data'); ///cy.get(E.UPLOAD)             .should('be.visible')            .should('contain', 'Upload')\n///cy.contains('Edit existing products')        cy.get(E.EDIT)            .should('be.visible')            .should('contain', 'Edit')\n///cy.contains('Create new product')        cy.get(E.NEW)            .should('be.visible')            .should('contain', 'Create')\n///cy.contains('Other options')\n///cy.get(E.MAP)            .should('be.visible')            .should('contain', 'Map existing data')\n// Menu\ncy.contains('Upload file');\ncy.contains('New product');\ncy.contains('Product list');\ncy.contains('Generate texts');\ncy.contains('Review texts');\ncy.contains('Vocabulary list');\ncy.contains('Template list');\ncy.contains('Mappings');\ncy.contains('Manage');\ncy.contains('Publish Logs');",
              "err": {},
              "uuid": "8370d4c4-fbb9-4e70-b533-a9af0147d1d7",
              "parentUUID": "9b057652-5c4d-4b8a-bc0b-69623f3c890e",
              "isHook": false,
              "skipped": false
            }
          ],
          "suites": [],
          "passes": [
            "8370d4c4-fbb9-4e70-b533-a9af0147d1d7"
          ],
          "failures": [],
          "pending": [],
          "skipped": [],
          "duration": 6456,
          "root": false,
          "rootEmpty": false,
          "_timeout": 2000
        }
      ],
      "passes": [],
      "failures": [],
      "pending": [],
      "skipped": [],
      "duration": 0,
      "root": true,
      "rootEmpty": true,
      "_timeout": 2000
    }
  ],
  "meta": {
    "mocha": {
      "version": "7.0.1"
    },
    "mochawesome": {
      "options": {
        "quiet": false,
        "reportFilename": "mochawesome",
        "saveHtml": false,
        "saveJson": true,
        "consoleReporter": "spec",
        "useInlineDiffs": false,
        "code": true
      },
      "version": "6.3.1"
    },
    "marge": {
      "options": {
        "overwrite": false,
        "html": false,
        "json": true,
        "reportDir": "cypress\\reports\\html\\.jsons"
      },
      "version": "5.2.0"
    }
  }
}