{
  "stats": {
    "suites": 1,
    "tests": 2,
    "passes": 0,
    "pending": 0,
    "failures": 2,
    "start": "2021-11-10T13:02:21.509Z",
    "end": "2021-11-10T13:02:56.663Z",
    "duration": 35154,
    "testsRegistered": 2,
    "passPercent": 0,
    "pendingPercent": 0,
    "other": 0,
    "hasOther": false,
    "skipped": 0,
    "hasSkipped": false
  },
  "results": [
    {
      "uuid": "45fd7cab-3102-47a6-90c4-011fc186f9d8",
      "title": "",
      "fullFile": "cypress/integration/Clients/old/TextualAB/TextualAB.js",
      "file": "cypress/integration/Clients/old/TextualAB/TextualAB.js",
      "beforeHooks": [],
      "afterHooks": [],
      "tests": [],
      "suites": [
        {
          "uuid": "2afd842c-4c22-413c-9c3f-0b24e39ecdd3",
          "title": "Customer landing page",
          "fullFile": "",
          "file": "",
          "beforeHooks": [],
          "afterHooks": [],
          "tests": [
            {
              "title": "Check login",
              "fullTitle": "Customer landing page Check login",
              "timedOut": null,
              "duration": 20620,
              "state": "failed",
              "speed": null,
              "pass": false,
              "fail": true,
              "pending": false,
              "context": "{\n  \"title\": \"cypress-mochawesome-reporter-screenshots\",\n  \"value\": [\n    [\n      {\n        \"title\": \"Failed screenshot\",\n        \"value\": \"\\\\Clients\\\\old\\\\TextualAB\\\\TextualAB.js\\\\Customer landing page -- Check login (failed).png\"\n      }\n    ]\n  ]\n}",
              "code": "cy.viewport(1440, 860);\ncy.visit('https://dev.textual.ai/');\ncy.get('body').click(); //Login\ncy.get(':nth-child(2) > input').type('testuser');\ncy.get(':nth-child(3) > input').type('testuser');\ncy.get('.pbutton').click(); //Check logged in \ncy.contains('What do you want to do today?').should('be.visible').should('contain', 'today');",
              "err": {
                "message": "AssertionError: Timed out retrying after 10000ms: Expected to find content: 'What do you want to do today?' but never did.",
                "estack": "AssertionError: Timed out retrying after 10000ms: Expected to find content: 'What do you want to do today?' but never did.\n    at Context.eval (https://dev.textual.ai/__cypress/tests?p=cypress\\integration\\Clients\\old\\TextualAB\\TextualAB.js:110:50)",
                "diff": null
              },
              "uuid": "85272c99-f4e2-4118-a69a-105bd3099b1f",
              "parentUUID": "2afd842c-4c22-413c-9c3f-0b24e39ecdd3",
              "isHook": false,
              "skipped": false
            },
            {
              "title": "check links",
              "fullTitle": "Customer landing page check links",
              "timedOut": null,
              "duration": 10737,
              "state": "failed",
              "speed": null,
              "pass": false,
              "fail": true,
              "pending": false,
              "context": "{\n  \"title\": \"cypress-mochawesome-reporter-screenshots\",\n  \"value\": [\n    [\n      {\n        \"title\": \"Failed screenshot\",\n        \"value\": \"\\\\Clients\\\\old\\\\TextualAB\\\\TextualAB.js\\\\Customer landing page -- check links (failed).png\"\n      }\n    ]\n  ]\n}",
              "code": "//basic links \n//Edit Products\ncy.get(':nth-child(1) > .actions > .pbutton').should('be.visible').should('contain', 'Edit'); //Create New products\ncy.get(':nth-child(2) > .actions > .pbutton').should('be.visible').should('contain', 'Create'); // other options and links\ncy.get('[title=\"Menu\"] > .material-icons').should('be.visible'); //Menu\ncy.contains('Upload file');\ncy.contains('New product');\ncy.contains('Product list');\ncy.contains('Generate texts');\ncy.contains('Review texts');\ncy.contains('Vocabulary list');\ncy.contains('Template list');\ncy.contains('Mappings');",
              "err": {
                "message": "AssertionError: Timed out retrying after 10000ms: expected '<button.pbutton.pbutton-primary>' to contain 'Edit'",
                "estack": "AssertionError: Timed out retrying after 10000ms: expected '<button.pbutton.pbutton-primary>' to contain 'Edit'\n    at Context.eval (https://dev.textual.ai/__cypress/tests?p=cypress\\integration\\Clients\\old\\TextualAB\\TextualAB.js:115:72)",
                "diff": null
              },
              "uuid": "bd8e3fb8-e938-4d97-8fdd-807a25a064e0",
              "parentUUID": "2afd842c-4c22-413c-9c3f-0b24e39ecdd3",
              "isHook": false,
              "skipped": false
            }
          ],
          "suites": [],
          "passes": [],
          "failures": [
            "85272c99-f4e2-4118-a69a-105bd3099b1f",
            "bd8e3fb8-e938-4d97-8fdd-807a25a064e0"
          ],
          "pending": [],
          "skipped": [],
          "duration": 31357,
          "root": false,
          "rootEmpty": false,
          "_timeout": 2000
        }
      ],
      "passes": [],
      "failures": [],
      "pending": [],
      "skipped": [],
      "duration": 0,
      "root": true,
      "rootEmpty": true,
      "_timeout": 2000
    }
  ],
  "meta": {
    "mocha": {
      "version": "7.0.1"
    },
    "mochawesome": {
      "options": {
        "quiet": false,
        "reportFilename": "mochawesome",
        "saveHtml": false,
        "saveJson": true,
        "consoleReporter": "spec",
        "useInlineDiffs": false,
        "code": true
      },
      "version": "6.3.1"
    },
    "marge": {
      "options": {
        "overwrite": false,
        "html": false,
        "json": true,
        "reportDir": "cypress\\reports\\html\\.jsons"
      },
      "version": "5.2.0"
    }
  }
}