{
  "stats": {
    "suites": 1,
    "tests": 1,
    "passes": 1,
    "pending": 0,
    "failures": 0,
    "start": "2021-11-10T13:04:13.011Z",
    "end": "2021-11-10T13:04:23.545Z",
    "duration": 10534,
    "testsRegistered": 1,
    "passPercent": 100,
    "pendingPercent": 0,
    "other": 0,
    "hasOther": false,
    "skipped": 0,
    "hasSkipped": false
  },
  "results": [
    {
      "uuid": "d89291d9-8d20-47b3-af75-71fc2b6b2d7c",
      "title": "",
      "fullFile": "cypress/integration/first test.js",
      "file": "cypress/integration/first test.js",
      "beforeHooks": [],
      "afterHooks": [],
      "tests": [],
      "suites": [
        {
          "uuid": "11d77d42-b836-4411-bf44-46596a064121",
          "title": "Customer landing page",
          "fullFile": "",
          "file": "",
          "beforeHooks": [],
          "afterHooks": [],
          "tests": [
            {
              "title": "Check login and links ",
              "fullTitle": "Customer landing page Check login and links ",
              "timedOut": null,
              "duration": 7279,
              "state": "passed",
              "speed": "medium",
              "pass": true,
              "fail": false,
              "pending": false,
              "context": null,
              "code": "cy.viewport(1440, 860);\ncy.visit('https://dev.textual.ai/');\ncy.get('body').click(); ///Login\ncy.get(':nth-child(2) > input').type('babyshop-testing');\ncy.get(':nth-child(3) > input').type('d3f16a2faca642529cfa06502bbb9949');\ncy.get('.pbutton').click(); //Check logged in \ncy.contains('What do you want to do today?').should('be.visible').should('contain', 'today'); /// Check other options\ncy.get('h3').should('be.visible').should('contain', 'Other'); /// Check present links\ncy.contains('Upload file with product data').should('not.be.hidden');\ncy.contains('Edit existing products').should('not.be.false');\ncy.contains('Create new product').should('not.be.null').should('contain', 'new');\ncy.contains('Map existing data').should('not.be.disabled');\ncy.get('[title=\"Menu\"] > .material-icons').should('not.be.disabled');",
              "err": {},
              "uuid": "604a0623-8498-452d-8f1d-8bd30f226600",
              "parentUUID": "11d77d42-b836-4411-bf44-46596a064121",
              "isHook": false,
              "skipped": false
            }
          ],
          "suites": [],
          "passes": [
            "604a0623-8498-452d-8f1d-8bd30f226600"
          ],
          "failures": [],
          "pending": [],
          "skipped": [],
          "duration": 7279,
          "root": false,
          "rootEmpty": false,
          "_timeout": 2000
        }
      ],
      "passes": [],
      "failures": [],
      "pending": [],
      "skipped": [],
      "duration": 0,
      "root": true,
      "rootEmpty": true,
      "_timeout": 2000
    }
  ],
  "meta": {
    "mocha": {
      "version": "7.0.1"
    },
    "mochawesome": {
      "options": {
        "quiet": false,
        "reportFilename": "mochawesome",
        "saveHtml": false,
        "saveJson": true,
        "consoleReporter": "spec",
        "useInlineDiffs": false,
        "code": true
      },
      "version": "6.3.1"
    },
    "marge": {
      "options": {
        "overwrite": false,
        "html": false,
        "json": true,
        "reportDir": "cypress\\reports\\html\\.jsons"
      },
      "version": "5.2.0"
    }
  }
}